

Microchip Technology PIC18 LITE Macro Assembler V1.37 build -260352376 
                                                                                               Fri Feb 14 16:21:32 2020

Microchip Technology Omniscient Code Generator v1.37 (Free mode) build 201603110536
     1                           	processor	18F97J60
     2                           	fnconf	rparam,??,?,0
     3                           	opt	pw 120
     4                           	opt	lm
     5                           	psect	cinit,global,reloc=2,class=CODE,delta=1
     6                           	psect	cstackCOMRAM,global,class=COMRAM,space=1,delta=1
     7                           	psect	text0,global,reloc=2,class=CODE,delta=1
     8                           	psect	text1,global,reloc=2,class=CODE,delta=1
     9                           	psect	text2,global,reloc=2,class=CODE,delta=1
    10                           	psect	text3,global,reloc=2,class=CODE,delta=1
    11                           	psect	intsave_regs,global,class=BIGRAM,space=1,delta=1
    12                           	psect	rparam,global,class=COMRAM,space=1,delta=1
    13  0000                     _OSCCON	set	4051
    14  0000                     _OSCTUNE	set	3995
    15  0000                     _PIR1bits	set	3998
    16  0000                     _PORTCbits	set	3970
    17  0000                     _SSP1BUF	set	4041
    18  0000                     _SSPCON1	set	4038
    19  0000                     _SSPSTAT	set	4039
    20  0000                     _TRISCbits	set	3988
    21                           
    22                           ; #config settings
    23  0000                     
    24                           	psect	cinit
    25  01FF40                     __pcinit:
    26                           	opt stack 0
    27  01FF40                     start_initialization:
    28                           	opt stack 0
    29  01FF40                     __initialization:
    30                           	opt stack 0
    31  01FF40                     end_of_initialization:
    32                           	opt stack 0
    33  01FF40                     __end_of__initialization:
    34                           	opt stack 0
    35  01FF40  0100               	movlb	0
    36  01FF42  EFDF  F0FF         	goto	_main	;jump to C main() function
    37                           
    38                           	psect	cstackCOMRAM
    39  000001                     __pcstackCOMRAM:
    40                           	opt stack 0
    41  000001                     delay_ms@x:
    42                           	opt stack 0
    43                           
    44                           ; 2 bytes @ 0x0
    45  000001                     	ds	2
    46  000003                     ??_delay_ms:
    47                           
    48                           ; 1 bytes @ 0x2
    49  000003                     	ds	1
    50  000004                     delay_ms@i:
    51                           	opt stack 0
    52                           
    53                           ; 2 bytes @ 0x3
    54  000004                     	ds	2
    55  000006                     testDAC@second:
    56                           	opt stack 0
    57                           
    58                           ; 1 bytes @ 0x5
    59  000006                     	ds	1
    60  000007                     testDAC@first:
    61                           	opt stack 0
    62                           
    63                           ; 1 bytes @ 0x6
    64  000007                     	ds	1
    65  000008                     
    66                           ; 1 bytes @ 0x7
    67 ;;
    68 ;;Main: autosize = 0, tempsize = 0, incstack = 0, save=0
    69 ;;
    70 ;; *************** function _main *****************
    71 ;; Defined at:
    72 ;;		line 7 in file "test.c"
    73 ;; Parameters:    Size  Location     Type
    74 ;;		None
    75 ;; Auto vars:     Size  Location     Type
    76 ;;		None
    77 ;; Return value:  Size  Location     Type
    78 ;;                  2   36[None  ] int 
    79 ;; Registers used:
    80 ;;		wreg, status,2, status,0, cstack
    81 ;; Tracked objects:
    82 ;;		On entry : 0/0
    83 ;;		On exit  : 0/0
    84 ;;		Unchanged: 0/0
    85 ;; Data sizes:     COMRAM   BANK0   BANK1   BANK2   BANK3   BANK4   BANK5   BANK6   BANK7   BANK8   BANK9  BANK10  BANK1
      +1  BANK12  BANK13  BANK14  BANK15
    86 ;;      Params:         0       0       0       0       0       0       0       0       0       0       0       0       
      +0       0       0       0       0
    87 ;;      Locals:         0       0       0       0       0       0       0       0       0       0       0       0       
      +0       0       0       0       0
    88 ;;      Temps:          0       0       0       0       0       0       0       0       0       0       0       0       
      +0       0       0       0       0
    89 ;;      Totals:         0       0       0       0       0       0       0       0       0       0       0       0       
      +0       0       0       0       0
    90 ;;Total ram usage:        0 bytes
    91 ;; Hardware stack levels required when called:    2
    92 ;; This function calls:
    93 ;;		_SPI1DACinit
    94 ;;		_testDAC
    95 ;; This function is called by:
    96 ;;		Startup code after reset
    97 ;; This function uses a non-reentrant model
    98 ;;
    99                           
   100                           	psect	text0
   101  01FFBE                     __ptext0:
   102                           	opt stack 0
   103  01FFBE                     _main:
   104                           	opt stack 29
   105                           
   106                           ;test.c: 8: SPI1DACinit();
   107                           
   108                           ;incstack = 0
   109  01FFBE  ECA3  F0FF         	call	_SPI1DACinit	;wreg free
   110                           
   111                           ;test.c: 10: testDAC(0x90,0x00);
   112  01FFC2  0E00               	movlw	0
   113  01FFC4  6E06               	movwf	testDAC@second,c
   114  01FFC6  0E90               	movlw	144
   115  01FFC8  ECAF  F0FF         	call	_testDAC
   116                           
   117                           ;test.c: 12: testDAC(0x93,0x30);
   118  01FFCC  0E30               	movlw	48
   119  01FFCE  6E06               	movwf	testDAC@second,c
   120  01FFD0  0E93               	movlw	147
   121  01FFD2  ECAF  F0FF         	call	_testDAC
   122                           
   123                           ;test.c: 14: testDAC(0x96,0x60);
   124  01FFD6  0E60               	movlw	96
   125  01FFD8  6E06               	movwf	testDAC@second,c
   126  01FFDA  0E96               	movlw	150
   127  01FFDC  ECAF  F0FF         	call	_testDAC
   128                           
   129                           ;test.c: 16: testDAC(0x9F,0xF0);
   130  01FFE0  0EF0               	movlw	240
   131  01FFE2  6E06               	movwf	testDAC@second,c
   132  01FFE4  0E9F               	movlw	159
   133  01FFE6  ECAF  F0FF         	call	_testDAC
   134                           
   135                           ;test.c: 18: testDAC(0x9F,0xFF);
   136  01FFEA  0EFF               	movlw	255
   137  01FFEC  6E06               	movwf	testDAC@second,c
   138  01FFEE  0E9F               	movlw	159
   139  01FFF0  ECAF  F0FF         	call	_testDAC
   140  01FFF4  EF00  F000         	goto	start
   141  01FFF8                     __end_of_main:
   142                           	opt stack 0
   143                           
   144 ;; *************** function _testDAC *****************
   145 ;; Defined at:
   146 ;;		line 20 in file "SPI.c"
   147 ;; Parameters:    Size  Location     Type
   148 ;;  first           1    wreg     unsigned char 
   149 ;;  second          1    5[COMRAM] unsigned char 
   150 ;; Auto vars:     Size  Location     Type
   151 ;;  first           1    6[COMRAM] unsigned char 
   152 ;; Return value:  Size  Location     Type
   153 ;;                  1    wreg      void 
   154 ;; Registers used:
   155 ;;		wreg, status,2, status,0, cstack
   156 ;; Tracked objects:
   157 ;;		On entry : 0/0
   158 ;;		On exit  : 0/0
   159 ;;		Unchanged: 0/0
   160 ;; Data sizes:     COMRAM   BANK0   BANK1   BANK2   BANK3   BANK4   BANK5   BANK6   BANK7   BANK8   BANK9  BANK10  BANK1
      +1  BANK12  BANK13  BANK14  BANK15
   161 ;;      Params:         1       0       0       0       0       0       0       0       0       0       0       0       
      +0       0       0       0       0
   162 ;;      Locals:         1       0       0       0       0       0       0       0       0       0       0       0       
      +0       0       0       0       0
   163 ;;      Temps:          0       0       0       0       0       0       0       0       0       0       0       0       
      +0       0       0       0       0
   164 ;;      Totals:         2       0       0       0       0       0       0       0       0       0       0       0       
      +0       0       0       0       0
   165 ;;Total ram usage:        2 bytes
   166 ;; Hardware stack levels used:    1
   167 ;; Hardware stack levels required when called:    1
   168 ;; This function calls:
   169 ;;		_delay_ms
   170 ;; This function is called by:
   171 ;;		_main
   172 ;; This function uses a non-reentrant model
   173 ;;
   174                           
   175                           	psect	text1
   176  01FF5E                     __ptext1:
   177                           	opt stack 0
   178  01FF5E                     _testDAC:
   179                           	opt stack 29
   180                           
   181                           ;incstack = 0
   182                           ;testDAC@first stored from wreg
   183  01FF5E  6E07               	movwf	testDAC@first,c
   184                           
   185                           ;SPI.c: 23: PORTCbits.RC7 = 0;
   186  01FF60  9E82               	bcf	3970,7,c	;volatile
   187                           
   188                           ;SPI.c: 24: PIR1bits.SSPIF = 0;
   189  01FF62  969E               	bcf	3998,3,c	;volatile
   190                           
   191                           ;SPI.c: 25: SSP1BUF = first;
   192  01FF64  C007  FFC9         	movff	testDAC@first,4041	;volatile
   193  01FF68                     l24:
   194  01FF68  A69E               	btfss	3998,3,c	;volatile
   195  01FF6A  D7FE               	goto	l24
   196                           
   197                           ;SPI.c: 27: PORTCbits.RC7 = 1;
   198  01FF6C  8E82               	bsf	3970,7,c	;volatile
   199                           
   200                           ;SPI.c: 28: PIR1bits.SSPIF = 0;
   201  01FF6E  969E               	bcf	3998,3,c	;volatile
   202                           
   203                           ;SPI.c: 29: PORTCbits.RC7 = 0;
   204  01FF70  9E82               	bcf	3970,7,c	;volatile
   205                           
   206                           ;SPI.c: 30: SSP1BUF = second;
   207  01FF72  C006  FFC9         	movff	testDAC@second,4041	;volatile
   208  01FF76                     l27:
   209  01FF76  A69E               	btfss	3998,3,c	;volatile
   210  01FF78  D7FE               	goto	l27
   211                           
   212                           ;SPI.c: 32: PORTCbits.RC7 = 1;
   213  01FF7A  8E82               	bsf	3970,7,c	;volatile
   214                           
   215                           ;SPI.c: 33: delay_ms(1000);
   216  01FF7C  0E03               	movlw	3
   217  01FF7E  6E02               	movwf	delay_ms@x+1,c
   218  01FF80  0EE8               	movlw	232
   219  01FF82  6E01               	movwf	delay_ms@x,c
   220  01FF84  ECC5  F0FF         	call	_delay_ms	;wreg free
   221  01FF88  0012               	return		;funcret
   222  01FF8A                     __end_of_testDAC:
   223                           	opt stack 0
   224                           
   225 ;; *************** function _delay_ms *****************
   226 ;; Defined at:
   227 ;;		line 8 in file "delay.c"
   228 ;; Parameters:    Size  Location     Type
   229 ;;  x               2    0[COMRAM] int 
   230 ;; Auto vars:     Size  Location     Type
   231 ;;  i               2    3[COMRAM] int 
   232 ;; Return value:  Size  Location     Type
   233 ;;                  1    wreg      void 
   234 ;; Registers used:
   235 ;;		wreg, status,2, status,0
   236 ;; Tracked objects:
   237 ;;		On entry : 0/0
   238 ;;		On exit  : 0/0
   239 ;;		Unchanged: 0/0
   240 ;; Data sizes:     COMRAM   BANK0   BANK1   BANK2   BANK3   BANK4   BANK5   BANK6   BANK7   BANK8   BANK9  BANK10  BANK1
      +1  BANK12  BANK13  BANK14  BANK15
   241 ;;      Params:         2       0       0       0       0       0       0       0       0       0       0       0       
      +0       0       0       0       0
   242 ;;      Locals:         2       0       0       0       0       0       0       0       0       0       0       0       
      +0       0       0       0       0
   243 ;;      Temps:          1       0       0       0       0       0       0       0       0       0       0       0       
      +0       0       0       0       0
   244 ;;      Totals:         5       0       0       0       0       0       0       0       0       0       0       0       
      +0       0       0       0       0
   245 ;;Total ram usage:        5 bytes
   246 ;; Hardware stack levels used:    1
   247 ;; This function calls:
   248 ;;		Nothing
   249 ;; This function is called by:
   250 ;;		_testDAC
   251 ;; This function uses a non-reentrant model
   252 ;;
   253                           
   254                           	psect	text2
   255  01FF8A                     __ptext2:
   256                           	opt stack 0
   257  01FF8A                     _delay_ms:
   258                           	opt stack 29
   259                           
   260                           ;delay.c: 10: for (int i = 0; i < x; i++)
   261                           
   262                           ;incstack = 0
   263  01FF8A  0E00               	movlw	0
   264  01FF8C  6E05               	movwf	delay_ms@i+1,c
   265  01FF8E  0E00               	movlw	0
   266  01FF90  6E04               	movwf	delay_ms@i,c
   267  01FF92  D00A               	goto	l42
   268  01FF94                     l685:
   269                           
   270                           ;delay.c: 11: {
   271                           ;delay.c: 12: _delay((unsigned long)((1)*(25000000/4000.0)));
   272  01FF94  0E09               	movlw	9
   273  01FF96  6E03               	movwf	??_delay_ms& (0+255),c
   274  01FF98  0E1C               	movlw	28
   275  01FF9A                     u87:
   276  01FF9A  2EE8               	decfsz	wreg,f,c
   277  01FF9C  D7FE               	goto	u87
   278  01FF9E  2E03               	decfsz	??_delay_ms& (0+255),f,c
   279  01FFA0  D7FC               	goto	u87
   280  01FFA2  D000               	nop2	
   281  01FFA4  4A04               	infsnz	delay_ms@i,f,c
   282  01FFA6  2A05               	incf	delay_ms@i+1,f,c
   283  01FFA8                     l42:
   284  01FFA8  5001               	movf	delay_ms@x,w,c
   285  01FFAA  5C04               	subwf	delay_ms@i,w,c
   286  01FFAC  5005               	movf	delay_ms@i+1,w,c
   287  01FFAE  0A80               	xorlw	128
   288  01FFB0  6E03               	movwf	??_delay_ms& (0+255),c
   289  01FFB2  5002               	movf	delay_ms@x+1,w,c
   290  01FFB4  0A80               	xorlw	128
   291  01FFB6  5803               	subwfb	??_delay_ms& (0+255),w,c
   292  01FFB8  B0D8               	btfsc	status,0,c
   293  01FFBA  0012               	return	
   294  01FFBC  D7EB               	goto	l685
   295  01FFBE                     __end_of_delay_ms:
   296                           	opt stack 0
   297                           wreg	equ	0xFE8
   298                           status	equ	0xFD8
   299                           
   300 ;; *************** function _SPI1DACinit *****************
   301 ;; Defined at:
   302 ;;		line 6 in file "SPI.c"
   303 ;; Parameters:    Size  Location     Type
   304 ;;		None
   305 ;; Auto vars:     Size  Location     Type
   306 ;;		None
   307 ;; Return value:  Size  Location     Type
   308 ;;                  1    wreg      void 
   309 ;; Registers used:
   310 ;;		wreg, status,2
   311 ;; Tracked objects:
   312 ;;		On entry : 0/0
   313 ;;		On exit  : 0/0
   314 ;;		Unchanged: 0/0
   315 ;; Data sizes:     COMRAM   BANK0   BANK1   BANK2   BANK3   BANK4   BANK5   BANK6   BANK7   BANK8   BANK9  BANK10  BANK1
      +1  BANK12  BANK13  BANK14  BANK15
   316 ;;      Params:         0       0       0       0       0       0       0       0       0       0       0       0       
      +0       0       0       0       0
   317 ;;      Locals:         0       0       0       0       0       0       0       0       0       0       0       0       
      +0       0       0       0       0
   318 ;;      Temps:          0       0       0       0       0       0       0       0       0       0       0       0       
      +0       0       0       0       0
   319 ;;      Totals:         0       0       0       0       0       0       0       0       0       0       0       0       
      +0       0       0       0       0
   320 ;;Total ram usage:        0 bytes
   321 ;; Hardware stack levels used:    1
   322 ;; This function calls:
   323 ;;		Nothing
   324 ;; This function is called by:
   325 ;;		_main
   326 ;; This function uses a non-reentrant model
   327 ;;
   328                           
   329                           	psect	text3
   330  01FF46                     __ptext3:
   331                           	opt stack 0
   332  01FF46                     _SPI1DACinit:
   333                           	opt stack 30
   334                           
   335                           ;SPI.c: 9: TRISCbits.TRISC3 = 0;
   336                           
   337                           ;incstack = 0
   338  01FF46  9694               	bcf	3988,3,c	;volatile
   339                           
   340                           ;SPI.c: 10: TRISCbits.TRISC5 = 0;
   341  01FF48  9A94               	bcf	3988,5,c	;volatile
   342                           
   343                           ;SPI.c: 11: TRISCbits.TRISC7 = 0;
   344  01FF4A  9E94               	bcf	3988,7,c	;volatile
   345                           
   346                           ;SPI.c: 14: OSCTUNE = 0x40;
   347  01FF4C  0E40               	movlw	64
   348  01FF4E  6E9B               	movwf	3995,c	;volatile
   349                           
   350                           ;SPI.c: 15: OSCCON = 0x70;
   351  01FF50  0E70               	movlw	112
   352  01FF52  6ED3               	movwf	4051,c	;volatile
   353                           
   354                           ;SPI.c: 16: SSPCON1 = 0x20;
   355  01FF54  0E20               	movlw	32
   356  01FF56  6EC6               	movwf	4038,c	;volatile
   357                           
   358                           ;SPI.c: 17: SSPSTAT = 0x40;
   359  01FF58  0E40               	movlw	64
   360  01FF5A  6EC7               	movwf	4039,c	;volatile
   361  01FF5C  0012               	return		;funcret
   362  01FF5E                     __end_of_SPI1DACinit:
   363                           	opt stack 0
   364  0000                     wreg	equ	0xFE8
   365                           status	equ	0xFD8
   366                           wreg	equ	0xFE8
   367                           status	equ	0xFD8
   368                           
   369                           	psect	rparam
   370  0000                     wreg	equ	0xFE8
   371                           status	equ	0xFD8


Data Sizes:
    Strings     0
    Constant    0
    Data        0
    BSS         0
    Persistent  0
    Stack       0

Auto Spaces:
    Space          Size  Autos    Used
    COMRAM           95      7       7
    BANK0           160      0       0
    BANK1           256      0       0
    BANK2           256      0       0
    BANK3           256      0       0
    BANK4           256      0       0
    BANK5           256      0       0
    BANK6           256      0       0
    BANK7           256      0       0
    BANK8           256      0       0
    BANK9           256      0       0
    BANK10          256      0       0
    BANK11          256      0       0
    BANK12          256      0       0
    BANK13          256      0       0
    BANK14          128      0       0
    BANK15           96      0       0

Pointer List with Targets:

    None.

Critical Paths under _main in COMRAM

    _main->_testDAC
    _testDAC->_delay_ms

Critical Paths under _main in BANK0

    None.

Critical Paths under _main in BANK1

    None.

Critical Paths under _main in BANK2

    None.

Critical Paths under _main in BANK3

    None.

Critical Paths under _main in BANK4

    None.

Critical Paths under _main in BANK5

    None.

Critical Paths under _main in BANK6

    None.

Critical Paths under _main in BANK7

    None.

Critical Paths under _main in BANK8

    None.

Critical Paths under _main in BANK9

    None.

Critical Paths under _main in BANK10

    None.

Critical Paths under _main in BANK11

    None.

Critical Paths under _main in BANK12

    None.

Critical Paths under _main in BANK13

    None.

Critical Paths under _main in BANK14

    None.

Critical Paths under _main in BANK15

    None.

Call Graph Tables:

 ---------------------------------------------------------------------------------
 (Depth) Function   	        Calls       Base Space   Used Autos Params    Refs
 ---------------------------------------------------------------------------------
 (0) _main                                                 0     0      0     348
                        _SPI1DACinit
                            _testDAC
 ---------------------------------------------------------------------------------
 (1) _testDAC                                              2     1      1     348
                                              5 COMRAM     2     1      1
                           _delay_ms
 ---------------------------------------------------------------------------------
 (2) _delay_ms                                             5     3      2      89
                                              0 COMRAM     5     3      2
 ---------------------------------------------------------------------------------
 (1) _SPI1DACinit                                          0     0      0       0
 ---------------------------------------------------------------------------------
 Estimated maximum stack depth 2
 ---------------------------------------------------------------------------------

 Call Graph Graphs:

 _main (ROOT)
   _SPI1DACinit
   _testDAC
     _delay_ms

 Address spaces:
Name               Size   Autos  Total    Cost      Usage
BITCOMRAM           5F      0       0       0        0.0%
NULL                 0      0       0       0        0.0%
CODE                 0      0       0       0        0.0%
COMRAM              5F      7       7       1        7.4%
STACK                0      0       0       2        0.0%
DATA                 0      0       0       3        0.0%
BITBANK0            A0      0       0       4        0.0%
BANK0               A0      0       0       5        0.0%
BITBANK1           100      0       0       6        0.0%
BANK1              100      0       0       7        0.0%
BITBANK2           100      0       0       8        0.0%
BANK2              100      0       0       9        0.0%
BITBANK3           100      0       0      10        0.0%
BANK3              100      0       0      11        0.0%
BITBANK4           100      0       0      12        0.0%
BANK4              100      0       0      13        0.0%
BITBANK5           100      0       0      14        0.0%
BANK5              100      0       0      15        0.0%
BITBANK6           100      0       0      16        0.0%
BANK6              100      0       0      17        0.0%
BITBANK7           100      0       0      18        0.0%
BANK7              100      0       0      19        0.0%
BITBANK8           100      0       0      20        0.0%
BANK8              100      0       0      21        0.0%
BITBANK9           100      0       0      22        0.0%
BANK9              100      0       0      23        0.0%
BITBANK10          100      0       0      24        0.0%
BANK10             100      0       0      25        0.0%
BITBANK11          100      0       0      26        0.0%
BANK11             100      0       0      27        0.0%
BANK12             100      0       0      28        0.0%
ABS                  0      0       0      29        0.0%
BITBANK12          100      0       0      30        0.0%
BITBANK13          100      0       0      31        0.0%
BANK13             100      0       0      32        0.0%
BITBANK14           80      0       0      33        0.0%
BANK14              80      0       0      34        0.0%
BITBANK15           60      0       0      35        0.0%
BANK15              60      0       0      36        0.0%
BIGRAM_1            60      0       0      37        0.0%
BIGRAM             E7F      0       0      38        0.0%
BITSFR_1             0      0       0      40        0.0%
SFR_1                0      0       0      40        0.0%
BITSFR               0      0       0      40        0.0%
SFR                  0      0       0      40        0.0%


Microchip Technology PIC18 Macro Assembler V1.37 build -260352376 
Symbol Table                                                                                   Fri Feb 14 16:21:32 2020

                     l24 FF68                       l42 FFA8                       l27 FF76  
                     u87 FF9A                      l685 FF94                      wreg 000FE8  
           __CFG_FOSC$HS 000000             __CFG_WDT$OFF 000000                     _main FFBE  
                   start 0000             ___param_bank 000010                    ?_main 0001  
        __end_of_testDAC FF8A                    status 000FD8             ?_SPI1DACinit 0001  
        __initialization FF40             __end_of_main FFF8                   ??_main 0008  
          __activetblptr 000000                   _OSCCON 000FD3         __end_of_delay_ms FFBE  
         __CFG_XINST$OFF 000000                ??_testDAC 0007               __accesstop 0060  
__end_of__initialization FF40            ___rparam_used 000001           __pcstackCOMRAM 0001  
   __size_of_SPI1DACinit 0018                ?_delay_ms 0001                  _OSCTUNE 000F9B  
                _SSP1BUF 000FC9                  _SSPCON1 000FC6                  _SSPSTAT 000FC7  
                __Hparam 0000                  __Lparam 0000                  __pcinit FF40  
                __ramtop 1000                  __ptext0 FFBE                  __ptext1 FF5E  
                __ptext2 FF8A                  __ptext3 FF46                  _testDAC FF5E  
             ??_delay_ms 0003     end_of_initialization FF40                _PORTCbits 000F82  
              _TRISCbits 000F94      start_initialization FF40            testDAC@second 0006  
      __size_of_delay_ms 0034            ??_SPI1DACinit 0001                 ?_testDAC 0006  
              delay_ms@i 0004                delay_ms@x 0001                 _PIR1bits 000F9E  
    __end_of_SPI1DACinit FF5E             testDAC@first 0007                 __Hrparam 0000  
               __Lrparam 0000                 _delay_ms FF8A         __size_of_testDAC 002C  
          __size_of_main 003A              _SPI1DACinit FF46  
